2025-11-18 11:24:52,649 - __main__ - INFO - Starting full pipeline run
2025-11-18 11:24:52,649 - __main__ - WARNING - File locking not available on this platform, skipping lock
2025-11-18 11:24:52,650 - __main__ - INFO - Starting news aggregation
2025-11-18 11:25:39,414 - __main__ - INFO - Starting full pipeline run
2025-11-18 11:25:39,415 - __main__ - WARNING - File locking not available on this platform, skipping lock
2025-11-18 11:25:39,415 - __main__ - INFO - Starting news aggregation
2025-11-18 11:26:21,069 - __main__ - INFO - Starting full pipeline run
2025-11-18 11:26:21,069 - __main__ - WARNING - File locking not available on this platform, skipping lock
2025-11-18 11:26:21,070 - __main__ - INFO - Starting news aggregation
2025-11-18 11:27:53,418 - __main__ - INFO - Starting full pipeline run
2025-11-18 11:27:53,418 - __main__ - WARNING - File locking not available on this platform, skipping lock
2025-11-18 11:27:53,419 - __main__ - INFO - Starting news aggregation
2025-11-18 11:30:09,511 - __main__ - INFO - Processed 40 articles from https://sudanile.com/
2025-11-18 11:30:54,110 - __main__ - INFO - Processed 13 articles from https://www.dabangasudan.org/ar
2025-11-18 11:31:34,000 - __main__ - INFO - Processed 12 articles from https://www.radiotamazuj.org/ar
2025-11-18 11:32:57,951 - __main__ - INFO - Processed 24 articles from https://www.altaghyeer.info/ar
2025-11-18 11:32:59,202 - __main__ - INFO - Processed 0 articles from https://suda.news
2025-11-18 11:33:36,760 - __main__ - INFO - Processed 10 articles from https://tasamuhnews.com
2025-11-18 11:34:18,950 - __main__ - INFO - Processed 10 articles from https://www.sudaninet.net
2025-11-18 11:35:09,174 - __main__ - INFO - Processed 10 articles from https://www.alnilin.com
2025-11-18 11:35:39,249 - __main__ - INFO - Processed 0 articles from https://www.almashhad.news
2025-11-18 11:36:16,262 - __main__ - INFO - Processed 10 articles from https://kushnews.net
2025-11-18 11:37:56,821 - __main__ - INFO - Processed 30 articles from https://sudafax.com
2025-11-18 11:38:57,308 - __main__ - INFO - Processed 15 articles from https://www.tagpress.net
2025-11-18 11:39:05,434 - __main__ - INFO - Processed 2 articles from https://arabic.cnn.com
2025-11-18 11:39:53,268 - __main__ - INFO - Processed 10 articles from https://sudantribune.net
2025-11-18 11:40:32,000 - __main__ - INFO - Processed 10 articles from https://www.darfur24.com
2025-11-18 11:41:10,467 - __main__ - INFO - Processed 10 articles from https://www.sudani.news
2025-11-18 11:41:49,188 - __main__ - INFO - Processed 10 articles from https://www.alsahafa.net
2025-11-18 11:41:59,118 - __main__ - INFO - Processed 3 articles from https://www.aljazeera.net
2025-11-18 11:42:12,716 - __main__ - INFO - Processed 4 articles from https://www.skynewsarabia.com
2025-11-18 11:42:13,560 - __main__ - INFO - Processed 0 articles from https://www.france24.com
2025-11-18 11:42:14,537 - __main__ - INFO - Processed 0 articles from https://arabic.euronews.com
2025-11-18 11:42:15,719 - __main__ - INFO - Processed 0 articles from https://alalam.ir
2025-11-18 11:42:40,634 - __main__ - INFO - Processed 7 articles from https://arabic.rt.com
2025-11-18 11:42:41,754 - __main__ - INFO - Processed 0 articles from https://www.alsumaria.tv
2025-11-18 11:42:47,279 - __main__ - INFO - Processed 0 articles from https://alhiwar.tv
2025-11-18 11:42:48,248 - __main__ - INFO - Processed 0 articles from https://www.almasryalyoum.com
2025-11-18 11:42:49,477 - __main__ - INFO - Processed 0 articles from https://www.elkhabar.com
2025-11-18 11:42:49,489 - __main__ - INFO - Aggregation complete: 230 articles processed
2025-11-18 11:42:49,489 - __main__ - INFO - Starting event clustering
2025-11-18 11:42:49,502 - __main__ - INFO - Processing 230 unclustered articles
2025-11-18 11:42:49,525 - sentence_transformers.SentenceTransformer - INFO - Use pytorch device_name: cpu
2025-11-18 11:42:49,526 - sentence_transformers.SentenceTransformer - INFO - Load pretrained SentenceTransformer: google/embeddinggemma-300m
2025-11-18 11:42:57,894 - sentence_transformers.SentenceTransformer - INFO - 14 prompts are loaded, with the keys: ['query', 'document', 'BitextMining', 'Clustering', 'Classification', 'InstructionRetrieval', 'MultilabelClassification', 'PairClassification', 'Reranking', 'Retrieval', 'Retrieval-query', 'Retrieval-document', 'STS', 'Summarization']
2025-11-18 11:45:46,631 - __main__ - INFO - Clustering complete: 168 clusters created
2025-11-18 11:45:46,633 - __main__ - INFO - Full pipeline run completed successfully
